2018-08-27 15:36:25.322  INFO DESKTOP-2SIT8V2
			--- [  restartedMain] e.e.WebApplication                       : Starting WebApplication on DESKTOP-2SIT8V2 with PID 10572 (E:\workspace\e-learning\backend\target\classes started by weeam in E:\workspace\e-learning\backend)
2018-08-27 15:36:25.327 DEBUG DESKTOP-2SIT8V2
			--- [  restartedMain] e.e.WebApplication                       : Running with Spring Boot v1.5.8.RELEASE, Spring v4.3.12.RELEASE
2018-08-27 15:36:25.327  INFO DESKTOP-2SIT8V2
			--- [  restartedMain] e.e.WebApplication                       : No active profile set, falling back to default profiles: default
2018-08-27 15:36:26.473 DEBUG DESKTOP-2SIT8V2
			--- [  restartedMain] o.s.d.r.c.RepositoryComponentProvider    : Identified candidate component class: file [E:\workspace\e-learning\backend\target\classes\edu\elearning\repo\ArticleRepository.class]
2018-08-27 15:36:26.475 DEBUG DESKTOP-2SIT8V2
			--- [  restartedMain] o.s.d.r.c.RepositoryComponentProvider    : Identified candidate component class: file [E:\workspace\e-learning\backend\target\classes\edu\elearning\repo\ImageRepository.class]
2018-08-27 15:36:26.476 DEBUG DESKTOP-2SIT8V2
			--- [  restartedMain] o.s.d.r.c.RepositoryComponentProvider    : Identified candidate component class: file [E:\workspace\e-learning\backend\target\classes\edu\elearning\repo\SectionRepository.class]
2018-08-27 15:36:26.477 DEBUG DESKTOP-2SIT8V2
			--- [  restartedMain] o.s.d.r.c.RepositoryComponentProvider    : Identified candidate component class: file [E:\workspace\e-learning\backend\target\classes\edu\elearning\repo\UserRepository.class]
2018-08-27 15:36:26.486 DEBUG DESKTOP-2SIT8V2
			--- [  restartedMain] .s.d.r.c.RepositoryConfigurationDelegate : Spring Data MongoDB - Registering repository: sectionRepository - Interface: edu.elearning.repo.SectionRepository - Factory: org.springframework.data.mongodb.repository.support.MongoRepositoryFactoryBean
2018-08-27 15:36:26.489 DEBUG DESKTOP-2SIT8V2
			--- [  restartedMain] .s.d.r.c.RepositoryConfigurationDelegate : Spring Data MongoDB - Registering repository: articleRepository - Interface: edu.elearning.repo.ArticleRepository - Factory: org.springframework.data.mongodb.repository.support.MongoRepositoryFactoryBean
2018-08-27 15:36:26.491 DEBUG DESKTOP-2SIT8V2
			--- [  restartedMain] .s.d.r.c.RepositoryConfigurationDelegate : Spring Data MongoDB - Registering repository: imageRepository - Interface: edu.elearning.repo.ImageRepository - Factory: org.springframework.data.mongodb.repository.support.MongoRepositoryFactoryBean
2018-08-27 15:36:26.494 DEBUG DESKTOP-2SIT8V2
			--- [  restartedMain] .s.d.r.c.RepositoryConfigurationDelegate : Spring Data MongoDB - Registering repository: userRepository - Interface: edu.elearning.repo.UserRepository - Factory: org.springframework.data.mongodb.repository.support.MongoRepositoryFactoryBean
2018-08-27 15:36:29.425 DEBUG DESKTOP-2SIT8V2
			--- [  restartedMain] .m.c.i.MongoPersistentEntityIndexCreator : Analyzing class class edu.elearning.model.Image for index information.
2018-08-27 15:36:29.461 DEBUG DESKTOP-2SIT8V2
			--- [  restartedMain] o.s.d.m.c.MongoDbUtils                   : Getting Mongo Database name=[e-learning]
2018-08-27 15:36:30.234 DEBUG DESKTOP-2SIT8V2
			--- [  restartedMain] .m.c.i.MongoPersistentEntityIndexCreator : Analyzing class class edu.elearning.model.Article for index information.
2018-08-27 15:36:30.237 DEBUG DESKTOP-2SIT8V2
			--- [  restartedMain] o.s.d.m.c.MongoDbUtils                   : Getting Mongo Database name=[e-learning]
2018-08-27 15:36:30.269 DEBUG DESKTOP-2SIT8V2
			--- [  restartedMain] o.s.d.m.c.MongoDbUtils                   : Getting Mongo Database name=[e-learning]
2018-08-27 15:36:30.298 DEBUG DESKTOP-2SIT8V2
			--- [  restartedMain] .m.c.i.MongoPersistentEntityIndexCreator : Analyzing class class edu.elearning.util.CompositeKey for index information.
2018-08-27 15:36:30.298 DEBUG DESKTOP-2SIT8V2
			--- [  restartedMain] .m.c.i.MongoPersistentEntityIndexCreator : Analyzing class class edu.elearning.model.Section for index information.
2018-08-27 15:36:30.300 DEBUG DESKTOP-2SIT8V2
			--- [  restartedMain] o.s.d.m.c.MongoDbUtils                   : Getting Mongo Database name=[e-learning]
2018-08-27 15:36:30.329 DEBUG DESKTOP-2SIT8V2
			--- [  restartedMain] o.s.d.m.c.MongoDbUtils                   : Getting Mongo Database name=[e-learning]
2018-08-27 15:36:30.360 DEBUG DESKTOP-2SIT8V2
			--- [  restartedMain] o.s.d.m.c.MongoDbUtils                   : Getting Mongo Database name=[e-learning]
2018-08-27 15:36:30.389 DEBUG DESKTOP-2SIT8V2
			--- [  restartedMain] .m.c.i.MongoPersistentEntityIndexCreator : Analyzing class class edu.elearning.model.User for index information.
2018-08-27 15:36:30.391 DEBUG DESKTOP-2SIT8V2
			--- [  restartedMain] o.s.d.m.c.MongoDbUtils                   : Getting Mongo Database name=[e-learning]
2018-08-27 15:36:30.420 DEBUG DESKTOP-2SIT8V2
			--- [  restartedMain] o.s.d.m.c.MongoDbUtils                   : Getting Mongo Database name=[e-learning]
2018-08-27 15:36:30.450 DEBUG DESKTOP-2SIT8V2
			--- [  restartedMain] o.s.d.m.c.MongoDbUtils                   : Getting Mongo Database name=[e-learning]
2018-08-27 15:36:31.319 DEBUG DESKTOP-2SIT8V2
			--- [  restartedMain] o.s.d.a.AuditingHandler                  : No AuditorAware set! Auditing will not be applied!
2018-08-27 15:36:32.153 DEBUG DESKTOP-2SIT8V2
			--- [  restartedMain] e.e.c.MvcConfig$2$1                      : Looking for request mappings in application context: org.springframework.boot.context.embedded.AnnotationConfigEmbeddedWebApplicationContext@f8166dc: startup date [Mon Aug 27 15:36:25 CEST 2018]; root of context hierarchy
2018-08-27 15:36:32.164 DEBUG DESKTOP-2SIT8V2
			--- [  restartedMain] e.e.c.MvcConfig$2$1                      : 3 request handler methods found on class edu.elearning.controller.AccountController: {public edu.elearning.util.JsonResponseBody edu.elearning.controller.AccountController.createUser(edu.elearning.model.User,org.springframework.validation.Errors,org.springframework.web.servlet.mvc.support.RedirectAttributes)={[/account/register],methods=[POST]}, public java.security.Principal edu.elearning.controller.AccountController.loginStatus(java.security.Principal)={[/account/login/status]}, public java.security.Principal edu.elearning.controller.AccountController.login(java.security.Principal)={[/account/login]}}
2018-08-27 15:36:32.167  INFO DESKTOP-2SIT8V2
			--- [  restartedMain] e.e.c.MvcConfig$2$1                      : Mapped "{[/api/account/register],methods=[POST]}" onto public edu.elearning.util.JsonResponseBody edu.elearning.controller.AccountController.createUser(edu.elearning.model.User,org.springframework.validation.Errors,org.springframework.web.servlet.mvc.support.RedirectAttributes)
2018-08-27 15:36:32.168  INFO DESKTOP-2SIT8V2
			--- [  restartedMain] e.e.c.MvcConfig$2$1                      : Mapped "{[/api/account/login/status]}" onto public java.security.Principal edu.elearning.controller.AccountController.loginStatus(java.security.Principal)
2018-08-27 15:36:32.168  INFO DESKTOP-2SIT8V2
			--- [  restartedMain] e.e.c.MvcConfig$2$1                      : Mapped "{[/api/account/login]}" onto public java.security.Principal edu.elearning.controller.AccountController.login(java.security.Principal)
2018-08-27 15:36:32.173 DEBUG DESKTOP-2SIT8V2
			--- [  restartedMain] e.e.c.MvcConfig$2$1                      : 5 request handler methods found on class edu.elearning.controller.ArticleController: {public edu.elearning.util.JsonResponseBody edu.elearning.controller.ArticleController.index(edu.elearning.util.CompositeKey)={[/sections/{sectionid}/articles],methods=[GET]}, public edu.elearning.util.JsonResponseBody edu.elearning.controller.ArticleController.delete(edu.elearning.util.CompositeKey)={[/sections/{sectionid}/articles/{id}],methods=[DELETE]}, public edu.elearning.util.JsonResponseBody edu.elearning.controller.ArticleController.save(java.security.Principal,edu.elearning.model.Article,org.springframework.validation.Errors,org.springframework.web.servlet.mvc.support.RedirectAttributes)={[/sections/{sectionid}/articles],methods=[POST]}, public edu.elearning.util.JsonResponseBody edu.elearning.controller.ArticleController.getBySeoName(java.lang.String)={[/sections/{sectionid}/articles/{seoName}],methods=[GET]}, public edu.elearning.util.JsonResponseBody edu.elearning.controller.ArticleController.getById(edu.elearning.util.CompositeKey)={[/sections/{sectionid}/articles/{id}],methods=[GET]}}
2018-08-27 15:36:32.174  INFO DESKTOP-2SIT8V2
			--- [  restartedMain] e.e.c.MvcConfig$2$1                      : Mapped "{[/api/sections/{sectionid}/articles],methods=[GET]}" onto public edu.elearning.util.JsonResponseBody edu.elearning.controller.ArticleController.index(edu.elearning.util.CompositeKey)
2018-08-27 15:36:32.174  INFO DESKTOP-2SIT8V2
			--- [  restartedMain] e.e.c.MvcConfig$2$1                      : Mapped "{[/api/sections/{sectionid}/articles/{id}],methods=[DELETE]}" onto public edu.elearning.util.JsonResponseBody edu.elearning.controller.ArticleController.delete(edu.elearning.util.CompositeKey)
2018-08-27 15:36:32.174  INFO DESKTOP-2SIT8V2
			--- [  restartedMain] e.e.c.MvcConfig$2$1                      : Mapped "{[/api/sections/{sectionid}/articles],methods=[POST]}" onto public edu.elearning.util.JsonResponseBody edu.elearning.controller.ArticleController.save(java.security.Principal,edu.elearning.model.Article,org.springframework.validation.Errors,org.springframework.web.servlet.mvc.support.RedirectAttributes)
2018-08-27 15:36:32.174  INFO DESKTOP-2SIT8V2
			--- [  restartedMain] e.e.c.MvcConfig$2$1                      : Mapped "{[/api/sections/{sectionid}/articles/{seoName}],methods=[GET]}" onto public edu.elearning.util.JsonResponseBody edu.elearning.controller.ArticleController.getBySeoName(java.lang.String)
2018-08-27 15:36:32.175  INFO DESKTOP-2SIT8V2
			--- [  restartedMain] e.e.c.MvcConfig$2$1                      : Mapped "{[/api/sections/{sectionid}/articles/{id}],methods=[GET]}" onto public edu.elearning.util.JsonResponseBody edu.elearning.controller.ArticleController.getById(edu.elearning.util.CompositeKey)
2018-08-27 15:36:32.175 DEBUG DESKTOP-2SIT8V2
			--- [  restartedMain] e.e.c.MvcConfig$2$1                      : 0 request handler methods found on class edu.elearning.controller.ContactController: {}
2018-08-27 15:36:32.176 DEBUG DESKTOP-2SIT8V2
			--- [  restartedMain] e.e.c.MvcConfig$2$1                      : 3 request handler methods found on class edu.elearning.controller.ImageController: {public java.util.List edu.elearning.controller.ImageController.index()={[/images],methods=[GET]}, public edu.elearning.util.JsonResponseBody edu.elearning.controller.ImageController.delete(edu.elearning.util.CompositeKey)={[/images/{id}],methods=[DELETE]}, public edu.elearning.util.JsonResponseBody edu.elearning.controller.ImageController.save(edu.elearning.model.Image,org.springframework.validation.Errors,org.springframework.web.servlet.mvc.support.RedirectAttributes)={[/images/],methods=[POST]}}
2018-08-27 15:36:32.177  INFO DESKTOP-2SIT8V2
			--- [  restartedMain] e.e.c.MvcConfig$2$1                      : Mapped "{[/api/images],methods=[GET]}" onto public java.util.List<edu.elearning.model.Image> edu.elearning.controller.ImageController.index()
2018-08-27 15:36:32.177  INFO DESKTOP-2SIT8V2
			--- [  restartedMain] e.e.c.MvcConfig$2$1                      : Mapped "{[/api/images/{id}],methods=[DELETE]}" onto public edu.elearning.util.JsonResponseBody edu.elearning.controller.ImageController.delete(edu.elearning.util.CompositeKey)
2018-08-27 15:36:32.177  INFO DESKTOP-2SIT8V2
			--- [  restartedMain] e.e.c.MvcConfig$2$1                      : Mapped "{[/api/images/],methods=[POST]}" onto public edu.elearning.util.JsonResponseBody edu.elearning.controller.ImageController.save(edu.elearning.model.Image,org.springframework.validation.Errors,org.springframework.web.servlet.mvc.support.RedirectAttributes)
2018-08-27 15:36:32.182 DEBUG DESKTOP-2SIT8V2
			--- [  restartedMain] e.e.c.MvcConfig$2$1                      : 3 request handler methods found on class edu.elearning.controller.RestUploadController: {public org.springframework.core.io.FileSystemResource edu.elearning.controller.RestUploadController.getFile(java.lang.String)={[/files/{filename}],methods=[GET],produces=[application/octet-stream]}, public edu.elearning.util.JsonResponseBody edu.elearning.controller.RestUploadController.uploadFileMulti(org.springframework.web.multipart.MultipartFile) throws java.lang.Exception={[/files],methods=[POST]}, public edu.elearning.util.JsonResponseBody edu.elearning.controller.RestUploadController.getListFiles()={[/files],methods=[GET]}}
2018-08-27 15:36:32.183  INFO DESKTOP-2SIT8V2
			--- [  restartedMain] e.e.c.MvcConfig$2$1                      : Mapped "{[/api/files/{filename}],methods=[GET],produces=[application/octet-stream]}" onto public org.springframework.core.io.FileSystemResource edu.elearning.controller.RestUploadController.getFile(java.lang.String)
2018-08-27 15:36:32.183  INFO DESKTOP-2SIT8V2
			--- [  restartedMain] e.e.c.MvcConfig$2$1                      : Mapped "{[/api/files],methods=[POST]}" onto public edu.elearning.util.JsonResponseBody edu.elearning.controller.RestUploadController.uploadFileMulti(org.springframework.web.multipart.MultipartFile) throws java.lang.Exception
2018-08-27 15:36:32.183  INFO DESKTOP-2SIT8V2
			--- [  restartedMain] e.e.c.MvcConfig$2$1                      : Mapped "{[/api/files],methods=[GET]}" onto public edu.elearning.util.JsonResponseBody edu.elearning.controller.RestUploadController.getListFiles()
2018-08-27 15:36:32.187 DEBUG DESKTOP-2SIT8V2
			--- [  restartedMain] e.e.c.MvcConfig$2$1                      : 6 request handler methods found on class edu.elearning.controller.SacannerController: {public java.util.Collection edu.elearning.controller.SacannerController.index()={[/scanners]}, public void edu.elearning.controller.SacannerController.execute(java.util.UUID)={[/scanners/{id}/start],methods=[PUT]}, public void edu.elearning.controller.SacannerController.stop(java.util.UUID)={[/scanners/{id}/stop],methods=[PUT]}, public void edu.elearning.controller.SacannerController.resum(java.util.UUID)={[/scanners/{id}/resum],methods=[PUT]}, public void edu.elearning.controller.SacannerController.side1()={[/scanners/site1],methods=[GET]}, public void edu.elearning.controller.SacannerController.side2()={[/scanners/site2],methods=[GET]}}
2018-08-27 15:36:32.188  INFO DESKTOP-2SIT8V2
			--- [  restartedMain] e.e.c.MvcConfig$2$1                      : Mapped "{[/api/scanners]}" onto public java.util.Collection<edu.elearning.job.Job> edu.elearning.controller.SacannerController.index()
2018-08-27 15:36:32.189  INFO DESKTOP-2SIT8V2
			--- [  restartedMain] e.e.c.MvcConfig$2$1                      : Mapped "{[/api/scanners/{id}/start],methods=[PUT]}" onto public void edu.elearning.controller.SacannerController.execute(java.util.UUID)
2018-08-27 15:36:32.190  INFO DESKTOP-2SIT8V2
			--- [  restartedMain] e.e.c.MvcConfig$2$1                      : Mapped "{[/api/scanners/{id}/stop],methods=[PUT]}" onto public void edu.elearning.controller.SacannerController.stop(java.util.UUID)
2018-08-27 15:36:32.190  INFO DESKTOP-2SIT8V2
			--- [  restartedMain] e.e.c.MvcConfig$2$1                      : Mapped "{[/api/scanners/{id}/resum],methods=[PUT]}" onto public void edu.elearning.controller.SacannerController.resum(java.util.UUID)
2018-08-27 15:36:32.190  INFO DESKTOP-2SIT8V2
			--- [  restartedMain] e.e.c.MvcConfig$2$1                      : Mapped "{[/api/scanners/site1],methods=[GET]}" onto public void edu.elearning.controller.SacannerController.side1()
2018-08-27 15:36:32.191  INFO DESKTOP-2SIT8V2
			--- [  restartedMain] e.e.c.MvcConfig$2$1                      : Mapped "{[/api/scanners/site2],methods=[GET]}" onto public void edu.elearning.controller.SacannerController.side2()
2018-08-27 15:36:32.193 DEBUG DESKTOP-2SIT8V2
			--- [  restartedMain] e.e.c.MvcConfig$2$1                      : 5 request handler methods found on class edu.elearning.controller.SectionController: {public org.springframework.data.domain.Page edu.elearning.controller.SectionController.index(int,int,javax.servlet.http.HttpServletRequest)={[/sections],methods=[GET]}, public edu.elearning.util.JsonResponseBody edu.elearning.controller.SectionController.delete(edu.elearning.util.CompositeKey)={[/sections/{id}],methods=[DELETE]}, public edu.elearning.util.JsonResponseBody edu.elearning.controller.SectionController.save(edu.elearning.model.Section,org.springframework.validation.Errors,org.springframework.web.servlet.mvc.support.RedirectAttributes)={[/sections],methods=[POST]}, public edu.elearning.model.Section edu.elearning.controller.SectionController.getBySeoName(java.lang.String)={[/sections/{seoName}],methods=[GET]}, public org.springframework.data.domain.Page edu.elearning.controller.SectionController.getSubSections(edu.elearning.util.CompositeKey,int,int)={[/sections/{id}/subsectins],methods=[GET]}}
2018-08-27 15:36:32.194  INFO DESKTOP-2SIT8V2
			--- [  restartedMain] e.e.c.MvcConfig$2$1                      : Mapped "{[/api/sections],methods=[GET]}" onto public org.springframework.data.domain.Page<edu.elearning.model.Section> edu.elearning.controller.SectionController.index(int,int,javax.servlet.http.HttpServletRequest)
2018-08-27 15:36:32.195  INFO DESKTOP-2SIT8V2
			--- [  restartedMain] e.e.c.MvcConfig$2$1                      : Mapped "{[/api/sections/{id}],methods=[DELETE]}" onto public edu.elearning.util.JsonResponseBody edu.elearning.controller.SectionController.delete(edu.elearning.util.CompositeKey)
2018-08-27 15:36:32.196  INFO DESKTOP-2SIT8V2
			--- [  restartedMain] e.e.c.MvcConfig$2$1                      : Mapped "{[/api/sections],methods=[POST]}" onto public edu.elearning.util.JsonResponseBody edu.elearning.controller.SectionController.save(edu.elearning.model.Section,org.springframework.validation.Errors,org.springframework.web.servlet.mvc.support.RedirectAttributes)
2018-08-27 15:36:32.196  INFO DESKTOP-2SIT8V2
			--- [  restartedMain] e.e.c.MvcConfig$2$1                      : Mapped "{[/api/sections/{seoName}],methods=[GET]}" onto public edu.elearning.model.Section edu.elearning.controller.SectionController.getBySeoName(java.lang.String)
2018-08-27 15:36:32.197  INFO DESKTOP-2SIT8V2
			--- [  restartedMain] e.e.c.MvcConfig$2$1                      : Mapped "{[/api/sections/{id}/subsectins],methods=[GET]}" onto public org.springframework.data.domain.Page<edu.elearning.model.Section> edu.elearning.controller.SectionController.getSubSections(edu.elearning.util.CompositeKey,int,int)
2018-08-27 15:36:32.197 DEBUG DESKTOP-2SIT8V2
			--- [  restartedMain] e.e.c.MvcConfig$2$1                      : 0 request handler methods found on class edu.elearning.controller.SettingController: {}
2018-08-27 15:36:32.199 DEBUG DESKTOP-2SIT8V2
			--- [  restartedMain] e.e.c.MvcConfig$2$1                      : 4 request handler methods found on class edu.elearning.controller.UsersController: {public org.springframework.data.domain.Page edu.elearning.controller.UsersController.index(int,int,javax.servlet.http.HttpServletRequest)={[/users],methods=[GET]}, public edu.elearning.util.JsonResponseBody edu.elearning.controller.UsersController.lock(edu.elearning.util.CompositeKey)={[/users/{id}/lock],methods=[PUT]}, public edu.elearning.util.JsonResponseBody edu.elearning.controller.UsersController.save(edu.elearning.model.User,org.springframework.validation.Errors,org.springframework.web.servlet.mvc.support.RedirectAttributes)={[/users],methods=[POST]}, public edu.elearning.util.JsonResponseBody edu.elearning.controller.UsersController.unlock(edu.elearning.util.CompositeKey)={[/users/{id}/unlock],methods=[PUT]}}
2018-08-27 15:36:32.200  INFO DESKTOP-2SIT8V2
			--- [  restartedMain] e.e.c.MvcConfig$2$1                      : Mapped "{[/api/users],methods=[GET]}" onto public org.springframework.data.domain.Page<edu.elearning.model.User> edu.elearning.controller.UsersController.index(int,int,javax.servlet.http.HttpServletRequest)
2018-08-27 15:36:32.200  INFO DESKTOP-2SIT8V2
			--- [  restartedMain] e.e.c.MvcConfig$2$1                      : Mapped "{[/api/users/{id}/lock],methods=[PUT]}" onto public edu.elearning.util.JsonResponseBody edu.elearning.controller.UsersController.lock(edu.elearning.util.CompositeKey)
2018-08-27 15:36:32.200  INFO DESKTOP-2SIT8V2
			--- [  restartedMain] e.e.c.MvcConfig$2$1                      : Mapped "{[/api/users],methods=[POST]}" onto public edu.elearning.util.JsonResponseBody edu.elearning.controller.UsersController.save(edu.elearning.model.User,org.springframework.validation.Errors,org.springframework.web.servlet.mvc.support.RedirectAttributes)
2018-08-27 15:36:32.201  INFO DESKTOP-2SIT8V2
			--- [  restartedMain] e.e.c.MvcConfig$2$1                      : Mapped "{[/api/users/{id}/unlock],methods=[PUT]}" onto public edu.elearning.util.JsonResponseBody edu.elearning.controller.UsersController.unlock(edu.elearning.util.CompositeKey)
2018-08-27 15:36:32.204 DEBUG DESKTOP-2SIT8V2
			--- [  restartedMain] e.e.c.MvcConfig$2$1                      : 2 request handler methods found on class org.springframework.boot.autoconfigure.web.BasicErrorController: {public org.springframework.http.ResponseEntity org.springframework.boot.autoconfigure.web.BasicErrorController.error(javax.servlet.http.HttpServletRequest)={[/error]}, public org.springframework.web.servlet.ModelAndView org.springframework.boot.autoconfigure.web.BasicErrorController.errorHtml(javax.servlet.http.HttpServletRequest,javax.servlet.http.HttpServletResponse)={[/error],produces=[text/html]}}
2018-08-27 15:36:32.205  INFO DESKTOP-2SIT8V2
			--- [  restartedMain] e.e.c.MvcConfig$2$1                      : Mapped "{[/error]}" onto public org.springframework.http.ResponseEntity<java.util.Map<java.lang.String, java.lang.Object>> org.springframework.boot.autoconfigure.web.BasicErrorController.error(javax.servlet.http.HttpServletRequest)
2018-08-27 15:36:32.205  INFO DESKTOP-2SIT8V2
			--- [  restartedMain] e.e.c.MvcConfig$2$1                      : Mapped "{[/error],produces=[text/html]}" onto public org.springframework.web.servlet.ModelAndView org.springframework.boot.autoconfigure.web.BasicErrorController.errorHtml(javax.servlet.http.HttpServletRequest,javax.servlet.http.HttpServletResponse)
2018-08-27 15:36:32.878  INFO DESKTOP-2SIT8V2
			--- [  restartedMain] e.e.WebApplication                       : Started WebApplication in 7.853 seconds (JVM running for 9.577)
